2020-06-21 17:32:28,597 DEBUG    root            Loaded Command Group: [u'gcloud', u'init']
2020-06-21 17:32:28,600 DEBUG    root            Running [gcloud.init] with arguments: []
2020-06-21 17:32:28,600 INFO     ___FILE_ONLY___ Welcome! This command will take you through the configuration of gcloud.


2020-06-21 17:32:28,601 INFO     ___FILE_ONLY___ Settings from your current configuration [default] are:

2020-06-21 17:32:28,712 INFO     ___FILE_ONLY___ core:
  account: hugh.shu.wang@gmail.com
  disable_usage_reporting: 'True'

2020-06-21 17:32:28,712 INFO     ___FILE_ONLY___ 

2020-06-21 17:32:38,365 INFO     ___FILE_ONLY___ Your current configuration has been set to: [default]


2020-06-21 17:32:38,365 INFO     ___FILE_ONLY___ You can skip diagnostics next time by using the following flag:

2020-06-21 17:32:38,365 INFO     ___FILE_ONLY___   gcloud init --skip-diagnostics


2020-06-21 17:32:38,365 INFO     ___FILE_ONLY___ Network diagnostic detects and fixes local network connection issues.

2020-06-21 17:32:38,366 INFO     ___FILE_ONLY___ Checking network connection...
2020-06-21 17:32:39,388 INFO     ___FILE_ONLY___ Reachability Check passed.

2020-06-21 17:32:39,389 INFO     ___FILE_ONLY___ Network diagnostic passed (1/1 checks passed).


2020-06-21 17:32:45,263 INFO     ___FILE_ONLY___ You are logged in as: [hugh.shu.wang@gmail.com].


2020-06-21 17:32:45,267 INFO     oauth2client.client Refreshing access_token
2020-06-21 17:32:52,478 INFO     ___FILE_ONLY___ Your current project has been set to: [kaggle-280916].


2020-06-21 17:32:52,523 DEBUG    root            Loaded Command Group: [u'gcloud', u'compute']
2020-06-21 17:32:52,533 DEBUG    root            Loaded Command Group: [u'gcloud', u'compute', u'project_info']
2020-06-21 17:32:52,545 DEBUG    root            Loaded Command Group: [u'gcloud', u'compute', u'project-info', u'describe']
2020-06-21 17:32:52,547 INFO     root            Executing: [gcloud compute project-info describe --quiet]
2020-06-21 17:32:52,551 DEBUG    root            Running [gcloud.compute.project-info.describe] with arguments: [--no-user-output-enabled: "false", --quiet: "True", --verbosity: "none"]
2020-06-21 17:32:53,142 INFO     root            Display disabled.
2020-06-21 17:32:53,144 DEBUG    root            Checking for updates...
2020-06-21 17:32:53,298 INFO     ___FILE_ONLY___ 

Updates are available for some Cloud SDK components.  To install them,
please run:
  $ gcloud components update


2020-06-21 17:32:58,493 DEBUG    root            Loaded Command Group: [u'gcloud', u'compute', u'zones']
2020-06-21 17:32:58,495 DEBUG    root            Loaded Command Group: [u'gcloud', u'compute', u'zones', u'list']
2020-06-21 17:32:58,497 INFO     root            Executing: [gcloud compute zones list]
2020-06-21 17:32:58,499 DEBUG    root            Running [gcloud.compute.zones.list] with arguments: [--no-user-output-enabled: "false", --verbosity: "none"]
2020-06-21 17:32:58,511 INFO     root            Display disabled.
2020-06-21 17:33:34,015 INFO     ___FILE_ONLY___ Your project default Compute Engine zone has been set to [us-east1-b].
You can change it by running [gcloud config set compute/zone NAME].


2020-06-21 17:33:34,016 DEBUG    root            Loaded Command Group: [u'gcloud', u'compute', u'regions']
2020-06-21 17:33:34,019 DEBUG    root            Loaded Command Group: [u'gcloud', u'compute', u'regions', u'describe']
2020-06-21 17:33:34,020 INFO     root            Executing: [gcloud compute regions describe https://www.googleapis.com/compute/v1/projects/kaggle-280916/regions/us-east1]
2020-06-21 17:33:34,023 DEBUG    root            Running [gcloud.compute.regions.describe] with arguments: [--no-user-output-enabled: "false", --verbosity: "none", NAME: "https://www.googleapis.com/compute/v1/projects/kaggle-280916/regions/us-east1"]
2020-06-21 17:33:34,512 INFO     root            Display disabled.
2020-06-21 17:33:34,521 INFO     ___FILE_ONLY___ Your project default Compute Engine region has been set to [us-east1].
You can change it by running [gcloud config set compute/region NAME].


2020-06-21 17:33:34,522 DEBUG    root            Not configuring default .boto file. File already exists at [/Users/shu/.boto].
2020-06-21 17:33:34,522 INFO     ___FILE_ONLY___ Your Google Cloud SDK is configured and ready to use!


2020-06-21 17:33:34,523 INFO     ___FILE_ONLY___ * Commands that require authentication will use hugh.shu.wang@gmail.com by default

2020-06-21 17:33:34,523 INFO     ___FILE_ONLY___ * Commands will reference project `kaggle-280916` by default

2020-06-21 17:33:34,523 INFO     ___FILE_ONLY___ * Compute Engine commands will use region `us-east1` by default

2020-06-21 17:33:34,523 INFO     ___FILE_ONLY___ * Compute Engine commands will use zone `us-east1-b` by default


2020-06-21 17:33:34,524 INFO     ___FILE_ONLY___ Run `gcloud help config` to learn how to change individual settings


2020-06-21 17:33:34,524 INFO     ___FILE_ONLY___ This gcloud configuration is called [default]. You can create additional configurations if you work with multiple accounts and/or projects.

2020-06-21 17:33:34,524 INFO     ___FILE_ONLY___ Run `gcloud topic configurations` to learn more.


2020-06-21 17:33:34,524 INFO     ___FILE_ONLY___ Some things to try next:


2020-06-21 17:33:34,524 INFO     ___FILE_ONLY___ * Run `gcloud --help` to see the Cloud Platform services you can interact with. And run `gcloud help COMMAND` to get help on any gcloud command.

2020-06-21 17:33:34,524 INFO     ___FILE_ONLY___ * Run `gcloud topic --help` to learn about advanced features of the SDK like arg files and output formatting

2020-06-21 17:33:34,526 INFO     root            Display format: "default"
