2020-06-21 19:49:39,568 DEBUG    root            Loaded Command Group: [u'gcloud', u'init']
2020-06-21 19:49:39,571 DEBUG    root            Running [gcloud.init] with arguments: []
2020-06-21 19:49:39,572 INFO     ___FILE_ONLY___ Welcome! This command will take you through the configuration of gcloud.


2020-06-21 19:49:39,576 INFO     ___FILE_ONLY___ Settings from your current configuration [default] are:

2020-06-21 19:49:39,584 INFO     ___FILE_ONLY___ compute:
  region: us-east1
  zone: us-east1-b
core:
  account: hugh.shu.wang@gmail.com
  disable_usage_reporting: 'True'
  project: kaggle-backstage

2020-06-21 19:49:39,584 INFO     ___FILE_ONLY___ 

2020-06-21 19:49:41,003 INFO     ___FILE_ONLY___ Your current configuration has been set to: [default]


2020-06-21 19:49:41,003 INFO     ___FILE_ONLY___ You can skip diagnostics next time by using the following flag:

2020-06-21 19:49:41,003 INFO     ___FILE_ONLY___   gcloud init --skip-diagnostics


2020-06-21 19:49:41,003 INFO     ___FILE_ONLY___ Network diagnostic detects and fixes local network connection issues.

2020-06-21 19:49:41,005 INFO     ___FILE_ONLY___ Checking network connection...
2020-06-21 19:49:42,024 INFO     ___FILE_ONLY___ Reachability Check passed.

2020-06-21 19:49:42,025 INFO     ___FILE_ONLY___ Network diagnostic passed (1/1 checks passed).


2020-06-21 19:49:43,146 INFO     ___FILE_ONLY___ You are logged in as: [hugh.shu.wang@gmail.com].


2020-06-21 19:49:45,020 INFO     ___FILE_ONLY___ Your current project has been set to: [kaggle-backstage].


2020-06-21 19:49:45,041 DEBUG    root            Loaded Command Group: [u'gcloud', u'compute']
2020-06-21 19:49:45,045 DEBUG    root            Loaded Command Group: [u'gcloud', u'compute', u'project_info']
2020-06-21 19:49:45,052 DEBUG    root            Loaded Command Group: [u'gcloud', u'compute', u'project-info', u'describe']
2020-06-21 19:49:45,053 INFO     root            Executing: [gcloud compute project-info describe --quiet]
2020-06-21 19:49:45,058 DEBUG    root            Running [gcloud.compute.project-info.describe] with arguments: [--no-user-output-enabled: "false", --quiet: "True", --verbosity: "none"]
2020-06-21 19:49:45,506 INFO     root            Display disabled.
2020-06-21 19:49:47,690 DEBUG    root            Loaded Command Group: [u'gcloud', u'compute', u'zones']
2020-06-21 19:49:47,691 DEBUG    root            Loaded Command Group: [u'gcloud', u'compute', u'zones', u'list']
2020-06-21 19:49:47,693 INFO     root            Executing: [gcloud compute zones list]
2020-06-21 19:49:47,695 DEBUG    root            Running [gcloud.compute.zones.list] with arguments: [--no-user-output-enabled: "false", --verbosity: "none"]
2020-06-21 19:49:47,706 INFO     root            Display disabled.
2020-06-21 19:49:55,701 INFO     ___FILE_ONLY___ Your project default Compute Engine zone has been set to [us-east1-c].
You can change it by running [gcloud config set compute/zone NAME].


2020-06-21 19:49:55,701 DEBUG    root            Loaded Command Group: [u'gcloud', u'compute', u'regions']
2020-06-21 19:49:55,703 DEBUG    root            Loaded Command Group: [u'gcloud', u'compute', u'regions', u'describe']
2020-06-21 19:49:55,704 INFO     root            Executing: [gcloud compute regions describe https://www.googleapis.com/compute/v1/projects/kaggle-backstage/regions/us-east1]
2020-06-21 19:49:55,708 DEBUG    root            Running [gcloud.compute.regions.describe] with arguments: [--no-user-output-enabled: "false", --verbosity: "none", NAME: "https://www.googleapis.com/compute/v1/projects/kaggle-backstage/regions/us-east1"]
2020-06-21 19:49:56,145 INFO     root            Display disabled.
2020-06-21 19:49:56,155 INFO     ___FILE_ONLY___ Your project default Compute Engine region has been set to [us-east1].
You can change it by running [gcloud config set compute/region NAME].


2020-06-21 19:49:56,156 DEBUG    root            Not configuring default .boto file. File already exists at [/Users/shu/.boto].
2020-06-21 19:49:56,156 INFO     ___FILE_ONLY___ Your Google Cloud SDK is configured and ready to use!


2020-06-21 19:49:56,157 INFO     ___FILE_ONLY___ * Commands that require authentication will use hugh.shu.wang@gmail.com by default

2020-06-21 19:49:56,157 INFO     ___FILE_ONLY___ * Commands will reference project `kaggle-backstage` by default

2020-06-21 19:49:56,157 INFO     ___FILE_ONLY___ * Compute Engine commands will use region `us-east1` by default

2020-06-21 19:49:56,157 INFO     ___FILE_ONLY___ * Compute Engine commands will use zone `us-east1-c` by default


2020-06-21 19:49:56,158 INFO     ___FILE_ONLY___ Run `gcloud help config` to learn how to change individual settings


2020-06-21 19:49:56,158 INFO     ___FILE_ONLY___ This gcloud configuration is called [default]. You can create additional configurations if you work with multiple accounts and/or projects.

2020-06-21 19:49:56,158 INFO     ___FILE_ONLY___ Run `gcloud topic configurations` to learn more.


2020-06-21 19:49:56,158 INFO     ___FILE_ONLY___ Some things to try next:


2020-06-21 19:49:56,158 INFO     ___FILE_ONLY___ * Run `gcloud --help` to see the Cloud Platform services you can interact with. And run `gcloud help COMMAND` to get help on any gcloud command.

2020-06-21 19:49:56,158 INFO     ___FILE_ONLY___ * Run `gcloud topic --help` to learn about advanced features of the SDK like arg files and output formatting

2020-06-21 19:49:56,160 INFO     root            Display format: "default"
