2020-06-04 00:56:49,934 DEBUG    root            No implementation for release track [GA] for element: [/Users/shu/google-cloud-sdk/lib/surface/web_security_scanner]
2020-06-04 00:56:49,939 DEBUG    root            Loaded Command Group: [u'gcloud', u'info']
2020-06-04 00:56:49,942 DEBUG    root            No implementation for release track [GA] for element: [/Users/shu/google-cloud-sdk/lib/surface/code]
2020-06-04 00:56:49,942 DEBUG    root            No implementation for release track [GA] for element: [/Users/shu/google-cloud-sdk/lib/surface/resource_settings]
2020-06-04 00:56:49,943 DEBUG    root            No implementation for release track [GA] for element: [/Users/shu/google-cloud-sdk/lib/surface/storage]
2020-06-04 00:56:49,943 DEBUG    root            Loaded Command Group: [u'gcloud', u'app']
2020-06-04 00:56:49,946 DEBUG    root            No implementation for release track [GA] for element: [/Users/shu/google-cloud-sdk/lib/surface/scc]
2020-06-04 00:56:49,946 DEBUG    root            No implementation for release track [GA] for element: [/Users/shu/google-cloud-sdk/lib/surface/labelmanager]
2020-06-04 00:56:49,947 DEBUG    root            Loaded Command Group: [u'gcloud', u'data_catalog']
2020-06-04 00:56:49,949 DEBUG    root            Loaded Command Group: [u'gcloud', u'composer']
2020-06-04 00:56:49,990 DEBUG    root            Loaded Command Group: [u'gcloud', u'ai_platform']
2020-06-04 00:56:49,992 DEBUG    root            Loaded Command Group: [u'gcloud', u'iam']
2020-06-04 00:56:49,994 DEBUG    root            Loaded Command Group: [u'gcloud', u'anthos']
2020-06-04 00:56:49,995 DEBUG    root            No implementation for release track [GA] for element: [/Users/shu/google-cloud-sdk/lib/surface/billing]
2020-06-04 00:56:49,996 DEBUG    root            No implementation for release track [GA] for element: [/Users/shu/google-cloud-sdk/lib/surface/artifacts]
2020-06-04 00:56:49,997 DEBUG    root            No implementation for release track [GA] for element: [/Users/shu/google-cloud-sdk/lib/surface/notebooks]
2020-06-04 00:56:50,002 DEBUG    root            Loaded Command Group: [u'gcloud', u'help']
2020-06-04 00:56:50,008 DEBUG    root            Loaded Command Group: [u'gcloud', u'init']
2020-06-04 00:56:50,009 DEBUG    root            Loaded Command Group: [u'gcloud', u'source']
2020-06-04 00:56:50,011 DEBUG    root            Loaded Command Group: [u'gcloud', u'network_management']
2020-06-04 00:56:50,012 DEBUG    root            Loaded Command Group: [u'gcloud', u'version']
2020-06-04 00:56:50,014 DEBUG    root            Loaded Command Group: [u'gcloud', u'asset']
2020-06-04 00:56:50,016 DEBUG    root            Loaded Command Group: [u'gcloud', u'dns']
2020-06-04 00:56:50,018 DEBUG    root            No implementation for release track [GA] for element: [/Users/shu/google-cloud-sdk/lib/surface/lifesciences]
2020-06-04 00:56:50,018 DEBUG    root            Loaded Command Group: [u'gcloud', u'iap']
2020-06-04 00:56:50,020 DEBUG    root            No implementation for release track [GA] for element: [/Users/shu/google-cloud-sdk/lib/surface/resources]
2020-06-04 00:56:50,020 DEBUG    root            Loaded Command Group: [u'gcloud', u'pubsub']
2020-06-04 00:56:50,022 DEBUG    root            No implementation for release track [GA] for element: [/Users/shu/google-cloud-sdk/lib/surface/api_gateway]
2020-06-04 00:56:50,023 DEBUG    root            Loaded Command Group: [u'gcloud', u'policy_troubleshoot']
2020-06-04 00:56:50,024 DEBUG    root            No implementation for release track [GA] for element: [/Users/shu/google-cloud-sdk/lib/surface/recaptcha]
2020-06-04 00:56:50,025 DEBUG    root            No implementation for release track [GA] for element: [/Users/shu/google-cloud-sdk/lib/surface/emulators]
2020-06-04 00:56:50,026 DEBUG    root            Loaded Command Group: [u'gcloud', u'auth']
2020-06-04 00:56:50,028 DEBUG    root            No implementation for release track [GA] for element: [/Users/shu/google-cloud-sdk/lib/surface/search_help]
2020-06-04 00:56:50,028 DEBUG    root            No implementation for release track [GA] for element: [/Users/shu/google-cloud-sdk/lib/surface/game]
2020-06-04 00:56:50,029 DEBUG    root            No implementation for release track [GA] for element: [/Users/shu/google-cloud-sdk/lib/surface/memcache]
2020-06-04 00:56:50,030 DEBUG    root            Loaded Command Group: [u'gcloud', u'scheduler']
2020-06-04 00:56:50,031 DEBUG    root            No implementation for release track [GA] for element: [/Users/shu/google-cloud-sdk/lib/surface/workflows]
2020-06-04 00:56:50,032 DEBUG    root            Loaded Command Group: [u'gcloud', u'spanner']
2020-06-04 00:56:50,034 DEBUG    root            Loaded Command Group: [u'gcloud', u'projects']
2020-06-04 00:56:50,038 DEBUG    root            Loaded Command Group: [u'gcloud', u'resource_manager']
2020-06-04 00:56:50,041 DEBUG    root            Loaded Command Group: [u'gcloud', u'organizations']
2020-06-04 00:56:50,089 DEBUG    root            Loaded Command Group: [u'gcloud', u'compute']
2020-06-04 00:56:50,093 DEBUG    root            Loaded Command Group: [u'gcloud', u'builds']
2020-06-04 00:56:50,095 DEBUG    root            Loaded Command Group: [u'gcloud', u'dataflow']
2020-06-04 00:56:50,097 DEBUG    root            Loaded Command Group: [u'gcloud', u'ml']
2020-06-04 00:56:50,099 DEBUG    root            No implementation for release track [GA] for element: [/Users/shu/google-cloud-sdk/lib/surface/org_policies]
2020-06-04 00:56:50,099 DEBUG    root            Loaded Command Group: [u'gcloud', u'active_directory']
2020-06-04 00:56:50,101 DEBUG    root            No implementation for release track [GA] for element: [/Users/shu/google-cloud-sdk/lib/surface/access_approval]
2020-06-04 00:56:50,101 DEBUG    root            No implementation for release track [GA] for element: [/Users/shu/google-cloud-sdk/lib/surface/error_reporting]
2020-06-04 00:56:50,103 DEBUG    root            Loaded Command Group: [u'gcloud', u'debug']
2020-06-04 00:56:50,105 DEBUG    root            No implementation for release track [GA] for element: [/Users/shu/google-cloud-sdk/lib/surface/data_fusion]
2020-06-04 00:56:50,105 DEBUG    root            Loaded Command Group: [u'gcloud', u'endpoints']
2020-06-04 00:56:50,107 DEBUG    root            Loaded Command Group: [u'gcloud', u'deployment_manager']
2020-06-04 00:56:50,109 DEBUG    root            Loaded Command Group: [u'gcloud', u'feedback']
2020-06-04 00:56:50,111 DEBUG    root            No implementation for release track [GA] for element: [/Users/shu/google-cloud-sdk/lib/surface/apigee]
2020-06-04 00:56:50,112 DEBUG    root            Loaded Command Group: [u'gcloud', u'monitoring']
2020-06-04 00:56:50,114 DEBUG    root            Loaded Command Group: [u'gcloud', u'topic']
2020-06-04 00:56:50,116 DEBUG    root            Loaded Command Group: [u'gcloud', u'healthcare']
2020-06-04 00:56:50,118 DEBUG    root            Loaded Command Group: [u'gcloud', u'meta']
2020-06-04 00:56:50,120 DEBUG    root            No implementation for release track [GA] for element: [/Users/shu/google-cloud-sdk/lib/surface/service_directory]
2020-06-04 00:56:50,141 DEBUG    root            No implementation for release track [GA] for element: [/Users/shu/google-cloud-sdk/lib/surface/events]
2020-06-04 00:56:50,142 DEBUG    root            Loaded Command Group: [u'gcloud', u'datastore']
2020-06-04 00:56:50,145 DEBUG    root            Loaded Command Group: [u'gcloud', u'functions']
2020-06-04 00:56:50,147 DEBUG    root            Loaded Command Group: [u'gcloud', u'container']
2020-06-04 00:56:50,149 DEBUG    root            Loaded Command Group: [u'gcloud', u'tasks']
2020-06-04 00:56:50,151 DEBUG    root            Loaded Command Group: [u'gcloud', u'redis']
2020-06-04 00:56:50,153 DEBUG    root            No implementation for release track [GA] for element: [/Users/shu/google-cloud-sdk/lib/surface/network_services]
2020-06-04 00:56:50,154 DEBUG    root            No implementation for release track [GA] for element: [/Users/shu/google-cloud-sdk/lib/surface/dialogflow]
2020-06-04 00:56:50,154 DEBUG    root            No implementation for release track [GA] for element: [/Users/shu/google-cloud-sdk/lib/surface/dlp]
2020-06-04 00:56:50,155 DEBUG    root            Loaded Command Group: [u'gcloud', u'kms']
2020-06-04 00:56:50,157 DEBUG    root            Loaded Command Group: [u'gcloud', u'config']
2020-06-04 00:56:50,159 DEBUG    root            Loaded Command Group: [u'gcloud', u'access_context_manager']
2020-06-04 00:56:50,162 DEBUG    root            No implementation for release track [GA] for element: [/Users/shu/google-cloud-sdk/lib/surface/cloud_shell]
2020-06-04 00:56:50,162 DEBUG    root            No implementation for release track [GA] for element: [/Users/shu/google-cloud-sdk/lib/surface/privateca]
2020-06-04 00:56:50,163 DEBUG    root            Loaded Command Group: [u'gcloud', u'run']
2020-06-04 00:56:50,167 DEBUG    root            No implementation for release track [GA] for element: [/Users/shu/google-cloud-sdk/lib/surface/trace]
2020-06-04 00:56:50,168 DEBUG    root            No implementation for release track [GA] for element: [/Users/shu/google-cloud-sdk/lib/surface/genomics]
2020-06-04 00:56:50,168 DEBUG    root            Loaded Command Group: [u'gcloud', u'dataproc']
2020-06-04 00:56:50,170 DEBUG    root            Loaded Command Group: [u'gcloud', u'ml_engine']
2020-06-04 00:56:50,171 DEBUG    root            Loaded Command Group: [u'gcloud', u'iot']
2020-06-04 00:56:50,173 DEBUG    root            Loaded Command Group: [u'gcloud', u'firebase']
2020-06-04 00:56:50,175 DEBUG    root            Loaded Command Group: [u'gcloud', u'filestore']
2020-06-04 00:56:50,177 DEBUG    root            No implementation for release track [GA] for element: [/Users/shu/google-cloud-sdk/lib/surface/bq]
2020-06-04 00:56:50,177 DEBUG    root            Loaded Command Group: [u'gcloud', u'sql']
2020-06-04 00:56:50,179 DEBUG    root            Loaded Command Group: [u'gcloud', u'services']
2020-06-04 00:56:50,181 DEBUG    root            Loaded Command Group: [u'gcloud', u'recommender']
2020-06-04 00:56:50,183 DEBUG    root            Loaded Command Group: [u'gcloud', u'bigtable']
2020-06-04 00:56:50,185 DEBUG    root            Loaded Command Group: [u'gcloud', u'logging']
2020-06-04 00:56:50,186 DEBUG    root            Loaded Command Group: [u'gcloud', u'service_management']
2020-06-04 00:56:50,188 DEBUG    root            Loaded Command Group: [u'gcloud', u'secrets']
2020-06-04 00:56:50,190 DEBUG    root            No implementation for release track [GA] for element: [/Users/shu/google-cloud-sdk/lib/surface/remote_build_execution]
2020-06-04 00:56:50,191 DEBUG    root            No implementation for release track [GA] for element: [/Users/shu/google-cloud-sdk/lib/surface/runtime_config]
2020-06-04 00:56:50,195 DEBUG    root            Loaded Command Group: [u'gcloud', u'survey']
2020-06-04 00:56:50,196 DEBUG    root            Loaded Command Group: [u'gcloud', u'components']
2020-06-04 00:56:50,198 DEBUG    root            No implementation for release track [GA] for element: [/Users/shu/google-cloud-sdk/lib/surface/identity]
2020-06-04 00:56:50,199 DEBUG    root            Loaded Command Group: [u'gcloud', u'domains']
2020-06-04 00:56:50,206 DEBUG    root            Loaded Command Group: [u'gcloud', u'docker']
2020-06-04 00:56:50,270 DEBUG    root            No implementation for release track [GA] for element: [/Users/shu/google-cloud-sdk/lib/surface/interactive]
2020-06-04 00:56:50,272 DEBUG    root            Loaded Command Group: [u'gcloud', u'firestore']
2020-06-04 00:56:50,274 ERROR    root            (gcloud) Invalid choice: 'ini'.
